Error with human players

How many human players? 1
How many computer players? 1
Please input your name: Max
Max's turn 

Making First Move 

Max played 2 3s 

Ending First Move 

CPU-1's turn 

[4 of Diamonds, 10 of Spades, Jack of Spades] 
Hand I am handed:[4 of Diamonds, 10 of Spades, Jack of Spades]

Pile I'm given:[3 of Clubs, 3 of Hearts]

Faceups: [2 of Hearts, 3 of Diamonds, 8 of Diamonds]

 Cards in reserve:[4, 10, 11]
 Default
 Value of Card I will play:4

 Card I am sending:4 of Diamonds
 Played 1 4s 

 Deck size: false
 Max's turn 

 Cards in the Pile are: 
 03C 
 03H 
 04D 


 the cards in your hand are: 
 1) 06D 
 2) 07H 
 3)  JH 


 Someone fucked up (default card constructor was called).
